[   0.000] Iitalizngcgoup sbs cpuset[   .00000Intialingcgro sbsyspu
[   0.000000] Initiliing cgrop ubsycpact[    00000] Linuxersion4.0-112-enri (uid@lg01-md4-010)(gcc vesion 5.4.0 2016069 (Unt 54.-6bunt~1.04. )#15-untu SP riJan 11148:3 U 218 (Ubtu4..012.1-gneri 4.98)
[  0.000] Coma lin BOT_IMAGE/bt/vmin-4.40-12-gneic rt=ABL=oudimg-rootf ro onle=tty cnsle=tS0
[   000000] KENE supprt cpu
    0.0000]   Inl eninntel
  0.000000]  MD AheticAMD[    00000  Centur entarHls
   000000]86/fu:stat_oset[2] 56, tae_sis[]:  256
[  0000000]86fpu:Suortig AVE feature 0x01:'x floatin pnt rgiers'
  0.0000 x86/fu:Supporing SA feaur0x02'SE egters'
[    0.000000] x86/fpu: Supporting XSAVE eatu 004: 'X egsts'
[   .00000] x86/fpu: Enabld tatefeures0x conexsize i83 byesusingstndard format.
   0.0000] 86pu: in 'lazy FU onxtswitchs.
[    0.00000] e80:IOS-provided physical RAM map
[  0000000BIS-e820[mem 0x0000000000-0x00000000009ff] usable
[    0.0000] BIOS-e20: [mem 0x000000000009fc00-0x000000000009ffff]reseed
[    0.000000] BIOS-e820: [mem 0x00000000f00-x00000000fffff]rerved
[   000000] IOe820: [m 00000000100000-000003feffff] uble
[    0.000] BIOS820: [me0x00000000ff000-0000003fffff] PIdata
[   0.0000] BIOS820: [em0x0000fe000-0x00000fecff] rervd[   00000]IO-e82: me0x00000fee000-x00000fee00ff rserved
[  0.000000] BIOS-e820: [mem 0x00000000fff000-0x00000000ffffffff] reserved
[    0.000000] NX (Execute Disable) protection: active
[    0.000000] SMBIOS 2.5 present.
[    0.000000] Hypervisor detected: KVM
[    0.000000] e820: last_pfn = 0x3fff0 max_arch_pfn = 0x400000000
[    0.000000] MTRR: Disabled
[    0.000000] x86/PAT: MTRRs disabled, skipping PAT initialization too.
[    0.000000] CPU MTRRs all blank - virtualied stem.
[   0.0000 x86/PAT: Cofiguatn [07]WB  WTUC UC WBWT  UC U 
[  0000000] oud SMP MPtable at[mm 0x0009ff-0x0009ff mapped at [fff88000fff0]
[    0000000 Snnin1 reasorlow meory corruptin
[  0.00000] RAMSK: me0x36adc000-0x3565fff
   0000000] ACPI: Early table chckum verificaton disle
[    0.0000] AI:RSP 00000000E00 00024v0 VB  
[  000000]CPI:XS 0x000000003FFF0030 00003C (v01 VBOX   VBOXXSDT 00000001 ASL  00000061)
[    0.000000] ACPI: FACP 0x000000003FFF00F0 0000F4 (v04 VBOX   VBOXFACP 00000001 ASL  00000061)
[    0.000000] ACPI: DSDT 0x000000003FFF0470 0021FF (v02 VBOX   VBOXBIOS 00000002 INTL 20100528)
[   0.00000]ACPI: AC0x000003FFF0000004
   00000] ACPI: FACS 0x00000003FF00 00004
    0000] PI: AP 0000000FFF02400005 (2 VBO  BOXAIC00001 SL  00001)
[   0.000000]ACPI:SD 0x0000003FFF02A 01CC (v01 VBOX   VBOXCPUT 00000002 INTL 20100528)
[    0.000000] No NUMA configuration fod
[  .00000Fakig node a[memx0000000000000x00003fefff
[    00000] NOE_ATA(0) llcate[mm 0xfe000-x3ffefff]
   0.00000kvm-coc Usin ms 4b641 and b54d00
[  00000 kvmclk: cu  msr:3fe01 priarcpu oc
[  0000000] kvm-clock: using sched offset of 3283886050 cycles
[    0.000000] clocksource: km-clok:ask: xffffffffffff axcycles 01cd42e4dff, maidle_ns: 881590591483 ns
[  .0000]Zoe nges:    .0000]  MA      [me 0x0000000000-0x00000000ffff]
[    00000]   DA3    [mm 0x00000000010000-0x000003ffefff]
   0.000]   Noal  pt
[   0000]  Dvi   ept
[    00000] vale ze tat r each od
[   0.0000Ealy mmo node ranges
[   .00000]   od   0[mm x0000000000100-0000000009ef]
[  0.000000]   node 0 [me0x000000000000-0000003fffff]
[  0.000000]nitmemetupod 0 [mem 0x00000000010000x000000fffff]
[   0.0000] AC: M-me IPot: 000
   00000] OAPC[: pic_ 2 versi 32, address 0xfec0000 GI 0-23
    0.0000] ACPI: NT_SRC_O (bus bu_irq gobalrq2 dfdfl)
    00000] ACP: NTRCOVR us0 buir 9loal_irq lw evel
[   .00000UsngAC (MADT f SMPcoigurio inrmtion[   .00000smbo: llwig 2 PU,  hplugPU
[   0.0000] PM: egiserd nosave memory [em 0000000-0x000f]
[    0.0000]M:Restred novememo: mem 0x00f0-00009ff
[   .000] PM: Registerd save mery [mem0x00a0000-0x000efff]
[   .0000 PM: Rgieredosve mery: [m x00000-0x000fff
[    0.00000 e82 [em 00000-0febffff]vailableor PCIevics
    .0000] Boongparavitulized kerneon KVM
   0.000000]clocksur: rene-jffs: mask:xfffff max_cycles:0xffffffff, ax_idlns: 76451900158 s[    00000] setupercpu NR_CPS:12 nrcpask_it512 nrcpids: nnode_is:
[    00000] PERC: Emedd 34pas/cp @ff883f00000 954 812 3128104876
[    00000]PV qpinlk ash tae entries: 256 (oder: , 46 ytes)
[  000000 Bilt 1 znests iNoe oer mobility ouing on Ttapaes: 2579
[    00000] Pic ze:DMA3
[    00000] Kernel ommand lne BOOTMAE=/botvmlinuz-4.0-12-neric ro=LABEL=clodi-rootfs roonole=t1 onsole=tt0
[  0000000] ID hash tleentrie: 96 (order:  3276byes)
[  00000] emory 11740K/1048120K available(849 krnel cde 130K rwta, 88 rat, 15K ni, 16 bss, 38K rervd, 0cm-reseve
[   .000000]SLB: HWalign=4, Ordr=-3, nOject0,CPUs, odes
    00000]Keel/Uerpage tables isoaton: enle
  0.000000 HerarchcaRCU plmentatn.
  0.000000 	uildim adjtmnt o laffano t 64.[   .00000 	U retrting CUsrom NR_CS=512 to nr_cpu_ids=2.
[    0.000000RCU:Adjstingemetry r cu_fno_lea=6 nr_cp_i=2
[    0000000] NR_IRQ:3304 _irq44 16
  0.00000]onsoe:olour GA80x25[  0000000 csole [ty enaed
[  000000]conse ttS0enable
[   0.000000] tsc: Detected 1599.999 MHz processor
[   30.769945] Calibrating delay loop (skipped) preset value.. 3199.99 BogoMIPS (lpj=6399996)
[   30.944941] pid_max: default: 32768 minimmm: 301
[   31.048699] ACPI: Core revision 20150930
[   31.143036] ACPI: 2 ACPI AML tables successfully acquired and loaded
[   31.273700] Security Framework initialized
[   31.358660] Yama: becoming mindful.
[   31.432419] AppArmor: AppArmor initialized
[   31.506148] Dentry cache hash table entries: 131072 (order: 8, 1048576 bytes)
[   31.583422] Inode-cache hash table entries: 65536 (order: 7, 524288 bytes)
[   31.734357] Mount-cache hash table entries: 2048 (order: 2, 16384 bytes)
[   31.876593] Mountpoint-cache hash table entries: 2048 (order: 2, 16384 bytes)
[   32.044718] Initializing cgroup subsys io
[   32.120622] Initializing cgroup subsys memory
[   32.206510] Initializing cgroup subsys devices
[   32.311626] Initializing cgroup subsys freezer
[   32.412642] Initializing cgroup subsys net_cls
[   32.514180] Initializing cgroup subsys perf_event
[   32.608067] Initializing cgroup subsys net_prio
[   32.659387] Initializing cgroup subsys hugetlb
[   32.721559] Initializing cgroup subsys pids
[   32.800600] CPU: Physical Processor ID: 0
[   32.888604] CPU: Processor Core ID: 0
[   32.954395] FEATURE SPEC_CTRL Not Present
[   33.038842] mce: CPU supports 0 MCE banks
[   33.127619] Last level iTLB entries: 4KB 64, 2MB 8, 4MB 8
[   33.245318] Last level dTLB entries: 4KB 64, 2MB 0, 4MB 0, 1GB 4
[   33.388700] Freeing SMP alternatives memory: 32K
[   33.513855] ftrace: allocating 32180 entries in 126 pages
[   33.679891] smpboot: APIC(0) Converting physical 0 to logical package 0
[   33.828809] smpboot: Max logical packages: 1
[   33.931258] x2apic enabled
[   34.001745] Switched APIC routing to physical x2apic.
[   34.131513] ..TIMER: vector=0x30 apic1=0 pin1=2 apic2=-1 pin2=-1
[   34.332525] smpboot: CPU0: Intel(R) Core(TM) i5-5250U CPU @ 1.60GHz (family: 0x6, model: 0x3d, stepping: 0x4)
[   34.516518] Performance Events: unsupported p6 CPU model 61 no PMU driver, software events only.
[   34.634359] KVM setup paravirtual spinlock
[   34.714039] x86: Booting SMP configuration:
[   34.799448] .... node  #0, CPUs:      #1
[   34.864733] kvm-clock: cpu 1, msr 0:3ffe3041, secondary cpu clock
[   34.911840] mce: CPU supports 0 MCE banks
[   34.919086] x86: Booted up 1 node, 2 CPUs
[   34.969421] smpboot: Total of 2 processors activated (6399.99 BogoMIPS)
[   35.092010] devtmpfs: initialized
[   35.128417] evm: security.selinux
[   35.140258] evm: security.SMACK64
[   35.203755] evm: security.SMACK64EXEC
[   35.272377] evm: security.SMACK64TRANSMUTE
[   35.309437] evm: security.SMACK64MMAP
[   35.380485] evm: security.ima
[   35.387322] evm: security.capability
[   35.449226] clocksource: jiffies: mask: 0xffffffff max_cycles: 0xffffffff, max_idle_ns: 7645041785100000 ns
[   35.618901] futex hash table entries: 512 (order: 3, 32768 bytes)
[   35.741057] pinctrl core: initialized pinctrl subsystem
[   35.849573] RTC time: 16:13:02, date: 01/29/18
[   35.953206] NET: Registered protocol family 16
[   36.029012] cpuidle: using governor ladder
[   36.104056] cpuidle: using governor menu
[   36.165385] PCCT header not found.
[   36.235514] ACPI: bus type PCI registered
[   36.314200] acpiphp: ACPI Hot Plug PCI Controller Driver version: 0.5
[   36.424524] PCI: Using configuration type 1 for base access
[   36.540609] ACPI: Added _OSI(Module Device)
[   36.611440] ACPI: Added _OSI(Processor Device)
[   36.686551] ACPI: Added _OSI(3.0 _SCP Extensions)
[   36.799962] ACPI: Added _OSI(Processor Aggregator Device)
[   36.909368] ACPI: Executed 1 blocks of module-level executable AML code
[   37.041509] ACPI: Interpreter enabled
[   37.103578] ACPI: (supports S0 S5)
[   37.163257] ACPI: Using IOAPIC for interrupt routing
[   37.227672] PCI: Using host bridge windows from ACPI; if necessary, use "pci=nocrs" and report a bug
[   37.395402] ACPI: PCI Root Bridge [PCI0] (domain 0000 [bus 00-ff])
[   37.475617] acpi PNP0A03:00: _OSC: OS supports [ASPM ClockPM Segments MSI]
[   37.585306] acpi PNP0A03:00: _OSC: not requesting OS control; OS requires [ExtendedConfig ASPM ClockPM MSI]
[   37.663343] acpi PNP0A03:00: fail to add MMCONFIG information, can't access extended PCI configuration space under this bridge.
[   37.862941] PCI host bridge to bus 0000:00
[   37.961066] pci_bus 0000:00: root bus resource [io  0x0000-0x0cf7 window]
[   38.034102] pci_bus 0000:00: root bus resource [io  0x0d00-0xffff window]
[   38.145647] pci_bus 0000:00: root bus resource [mem 0x000a0000-0x000bffff window]
[   38.264139] pci_bus 0000:00: root bus resource [mem 0x40000000-0xfdffffff window]
[   38.358469] pci_bus 0000:00: root bus resource [bus 00-ff]
[   38.440908] pci 0000:00:01.1: legacy IDE quirk: reg 0x10: [io  0x01f0-0x01f7]
[   38.582224] pci 0000:00:01.1: legacy IDE quirk: reg 0x14: [io  0x03f6]
[   38.719984] pci 0000:00:01.1: legacy IDE quirk: reg 0x18: [io  0x0170-0x0177]
[   38.789552] pci 0000:00:01.1: legacy IDE quirk: reg 0x1c: [io  0x0376]
[   38.914673] pci 0000:00:07.0: quirk: [io  0x4000-0x403f] claimed by PIIX4 ACPI
[   39.056691] pci 0000:00:07.0: quirk: [io  0x4100-0x410f] claimed by PIIX4 SMB
[   39.214316] ACPI: PCI Interrupt Link [LNKA] (IRQs 5 9 10 *11)
[   39.309791] ACPI: PCI Interrupt Link [LNKB] (IRQs 5 9 *10 11)
[   39.396251] ACPI: PCI Interrupt Link [LNKC] (IRQs 5 *9 10 11)
[   39.465828] ACPI: PCI Interrupt Link [LNKD] (IRQs 5 9 10 *11)
[   39.560183] ACPI: Enabled 2 GPEs in block 00 to 07
[   39.666226] vgaarb: setting as boot device: PCI:0000:00:02.0
[   39.767366] vgaarb: device added: PCI:0000:00:02.0,decodes=io+mem,owns=io+mem,locks=none
[   39.904625] vgaarb: loaded
[   39.946268] vgaarb: bridge control possible 0000:00:02.0
[   40.018497] SCSI subsystem initialized
[   40.091058] ACPI: bus type USB registered
[   40.148953] usbcore: registered new interface driver usbfs
[   40.277433] usbcore: registered new interface driver hub
[   40.368655] usbcore: registered new device driver usb
[   40.501554] PCI: Using ACPI for IRQ routing
[   40.548310] NetLabel: Initializing
[   40.592346] NetLabel:  domain hash size = 128
[   40.684368] NetLabel:  protocols = UNLABELED CIPSOv4
[   40.771274] NetLabel:  unlabeled traffic allowed by default
[   40.884580] amd_nb: Cannot enumerate AMD northbridges
[   40.979025] clocksource: Switched to clocksource kvm-clock
[   1.71] pAorAprm FesteEnable
  1.32] p:nPCPin
  2.98] p:nPCP fnd dices
[   42.739174] clocksource: acpi_pm: mask: 0xffffff max_cycles: 0xffffff, max_idle_ns: 2085701024 ns
[   42.805355] NET: Registered protocol family 2
[   42.831583] TCP established hash table entries: 8192 (order: 4, 65536 bytes)
[   42.893885] TCP bind hash table entries: 8192 (order: 5, 131072 bytes)
[   42.925888] TCP: Hash tables configured (established 8192 bind 8192)
[   42.956823] UDP hash table entries: 512 (order: 2, 16384 bytes)
[   43.003371] UDP-Lite hash table entries: 512 (order: 2, 16384 bytes)
[   43.026536] NET: Registered protocol family 1
[   43.048943] pci 0000:00:00.0: Limiting direct PCI/PCI transfers
[   43.066784] pci 0000:00:01.0: Activating ISA DMA hang workarounds
[   43.096523] Unpacking initramfs...
[   45.273726] Freeing initrd memory: 10792K
[   45.395975] RAPL PMU detected, API unit is 2^-32 Joules, 4 fixed counters 10737418240 ms ovfl timer
[   45.618954] hw unit of domain pp0-core 2^-0 Joules
[   45.853418] hw unit of domain package 2^-0 Joules
[   45.959663] hw unit of domain dram 2^-0 Joules
[   46.096211] hw unit of domain pp1-gpu 2^-0 Joules
[   41689 ptfm c_osreisre patfo R dvi (o P vi fnd
[ 477098 t: fiedSClosorce clibrio 19.5 z
[   7.047]losocets mk:0xfffffffffff max_cycle 070d48c00maid_n 479545 
ÿ[  48711]cainfolo mmoy oruptionve 6send

[   48.572299] audit: initializing netlink subsys (disabled)
[   48.572316] audit: type=2000 audit(1517242359.752:1): initialized
[   48.572767] Initialise system trusted keyring
[   48.572909] HugeTLB registered 2 MB page size, pre-allocated 0 pages
[   48.574847] zbud: loaded
[   48.575133] VFS: Disk quotas dquot_6.6.0
[   48.575176] VFS: Dquot-cache hash table entries: 512 (order 0, 4096 bytes)
[   48.575433] squashfs: version 4.0 (2009/01/31) Phillip Lougher
[   48.575683] fuse init (API version 7.23)
[   48.575810] Key type big_key registered
[   48.575836] Allocating IMA MOK and blacklist keyrings.
[   48.576025] Key type asymmetric registered
[   48.576030] Asymmetric key parser 'x509' registered
[   48.576064] Block layer SCSI generic (bsg) driver version 0.4 loaded (major 249)
[   48.576084] io scheduler noop registered
[   48.576086] io scheduler deadline registered (default)
[   48.576114] io scheduler cfq registered
[   48.576214] pci_hotplug: PCI Hot Plug PCI Core version: 0.5
[   48.576220] pciehp: PCI Express Hot Plug Controller Driver version: 0.4
[   48.576639] ACPI: AC Adapter [AC] (on-line)
[   48.576696] input: Power Button as /devices/LNXSYSTM:00/LNXPWRBN:00/input/input0
[   48.576698] ACPI: Power Button [PWRF]
[   48.576791] input: Sleep Button as /devices/LNXSYSTM:00/LNXSLPBN:00/input/input1
[   48.576793] ACPI: Sleep Button [SLPF]
[   48.576959] GHES: HEST is not enabled!
[   48.577044] Serial: 8250/16550 driver, 32 ports, IRQ sharing enabled
[   49.195494] 00:02: ttyS0 at I/O 0x3f8 (irq = 4, base_baud = 115200) is a 16550A
[   49.973911] Linux agpgart interface v0.103
[   50.112811] ACPI: Battery Slot [BAT0] (battery present)
[   50.309910] loop: module loaded
[   50.310539] scsi host0: ata_piix
[   50.310595] scsi host1: ata_piix
[   50.310627] ata1: PATA max UDMA/33 cmd 0x1f0 ctl 0x3f6 bmdma 0xd000 irq 14
[   50.310628] ata2: PATA max UDMA/33 cmd 0x170 ctl 0x376 bmdma 0xd008 irq 15
[   50.310701] libphy: Fixed MDIO Bus: probed
[   50.310703] tun: Universal TUN/TAP device driver, 1.6
[   50.310703] tun: (C) 1999-2004 Max Krasnyansky <maxk@qualcomm.com>
[   50.311090] PPP generic driver version 2.4.2
[   50.311146] ehci_hcd: USB 2.0 'Enhanced' Host Controller (EHCI) Driver
[   50.311149] ehci-pci: EHCI PCI platform driver
[   50.311165] ehci-platform: EHCI generic platform driver
[   50.311173] ohci_hcd: USB 1.1 'Open' Host Controller (OHCI) Driver
[   50.311176] ohci-pci: OHCI PCI platform driver
[   50.311185] ohci-platform: OHCI generic platform driver
[   50.311191] uhci_hcd: USB Universal Host Controller Interface driver
[   50.311244] i8042: PNP: PS/2 Controller [PNP0303:PS2K,PNP0f03:PS2M] at 0x60,0x64 irq 1,12
[   50.405331] serio: i8042 KBD port at 0x60,0x64 irq 1
[   50.405339] serio: i8042 AUX port at 0x60,0x64 irq 12
[   50.405485] mousedev: PS/2 mouse device common for all mice
[   50.405855] rtc_cmos rtc_cmos: rtc core: registered rtc_cmos as rtc0
[   50.405921] rtc_cmos rtc_cmos: alarms up to one day, 114 bytes nvram
[   50.405927] i2c /dev entries driver
[   50.405988] device-mapper: uevent: version 1.0.3
[   50.406042] device-mapper: ioctl: 4.34.0-ioctl (2015-10-28) initialised: dm-devel@redhat.com
[   50.406062] ledtrig-cpu: registered to indicate activity on CPUs
[   50.406344] NET: Registered protocol family 10
[   50.406554] NET: Registered protocol family 17
[   50.406566] Key type dns_resolver registered
[   50.538534] microcode: CPU0 sig=0x306d4, pf=0x40, revision=0x0
[   50.538677] microcode: CPU1 sig=0x306d4, pf=0x40, revision=0x0
[   50.538769] microcode: Microcode Update Driver: v2.01 <tigran@aivazian.fsnet.co.uk>, Peter Oruba
[   50.538933] registered taskstats version 1
[   50.538947] Loading compiled-in X.509 certificates
[   50.539646] Loaded X.509 cert 'Build time autogenerated kernel key: 4c603087bab8f0a02cb3b4e1fb4c40f507e71ef1'
[   50.539668] zswap: loaded using pool lzo/zbud
[   50.541704] Key type trusted registered
[   50.544964] Key type encrypted registered
[   50.544970] AppArmor: AppArmor sha1 policy hashing enabled
[   50.544974] ima: No TPM chip found, activating TPM-bypass!
[   50.544993] evm: HMAC attrs: 0x1
[   50.545442]   Magic number: 2:15:238
[   50.592804] rtc_cmos rtc_cmos: setting system clock to 2018-01-29 16:13:16 UTC (1517242396)
[   50.593028] BIOS EDD facility v0.16 2004-Jun-25, 0 devices found
[   50.593029] EDD information not available.
[   51.066058] input: AT Translated Set 2 keyboard as /devices/platform/i8042/serio0/input/input2
[   58.309306] Freeing unused kernel memory: 1508K
[   58.386662] Write protecting the kernel read-only data: 14336k
[   58.451888] Freeing unused kernel memory: 1728K
[   58.464271] Freeing unused kernel memory: 108K
Loading, please wait...
starting version[   58.554514] random: udevadm: uninitialized urandom read (16 bytes read, 7 bits of entropy available)
 229
[   58.554842] random: systemd-udevd: uninitialized urandom read (16 bytes read, 7 bits of entropy available)
[   58.554959] random: systemd-udevd: uninitialized urandom read (16 bytes read, 7 bits of entropy available)
[   58.554975] random: systemd-udevd: uninitialized urandom read (16 bytes read, 7 bits of entropy available)
[   58.554992] random: systemd-udevd: uninitialized urandom read (16 bytes read, 7 bits of entropy available)
[   59.485379] random: udevadm: uninitialized urandom read (16 bytes read, 7 bits of entropy available)
[   59.607359] random: systemd-udevd: uninitialized urandom read (16 bytes read, 7 bits of entropy available)
[   59.667268] random: systemd-udevd: uninitialized urandom read (16 bytes read, 7 bits of entropy available)
[   59.859074] random: systemd-udevd: uninitialized urandom read (16 bytes read, 7 bits of entropy available)
[   59.860508] random: udevadm: uninitialized urandom read (16 bytes read, 7 bits of entropy available)
[   60.266974] Fusion MPT base driver 3.04.20
[   60.280064] Copyright (c) 1999-2008 LSI Corporation
[   60.302234] e1000: Intel(R) PRO/1000 Network Driver - version 7.3.21-k8-NAPI
[   60.454066] e1000: Copyright (c) 1999-2006 Intel Corporation.
[   60.497556] Fusion MPT SPI Host driver 3.04.20
[   60.508604] input: ImExPS/2 Generic Explorer Mouse as /devices/platform/i8042/serio1/input/input4
[   60.592276] AVX2 version of gcm_enc/dec engaged.
[   60.675810] AES CTR mode by8 optimization enabled
[   61.084089] e1000 0000:00:03.0 eth0: (PCI:33MHz:32-bit) 02:db:14:78:b4:e6
[   61.299821] e1000 0000:00:03.0 eth0: Intel(R) PRO/1000 Network Connection
[   61.474375] mptbase: ioc0: Initiating bringup
[   61.688802] ioc0: LSI53C1030 A0: Capabilities={Initiator}
[   62.035871] scsi host2: ioc0: LSI53C1030 A0, FwRev=00000000h, Ports=1, MaxQ=256, IRQ=20
[   62.384027] scsi 2:0:0:0: Direct-Access     VBOX     HARDDISK         1.0  PQ: 0 ANSI: 5
[   62.459810] scsi target2:0:0: Beginning Domain Validation
[   62.607739] scsi target2:0:0: Domain Validation skipping write tests
[   62.676201] scsi target2:0:0: Ending Domain Validation
[   62.703413] scsi target2:0:0: asynchronous
[   62.720433] scsi 2:0:1:0: Direct-Access     VBOX     HARDDISK         1.0  PQ: 0 ANSI: 5
[   62.750430] scsi target2:0:1: Beginning Domain Validation
[   62.769221] scsi target2:0:1: Domain Validation skipping write tests
[   62.796393] scsi target2:0:1: Ending Domain Validation
[   62.800999] scsi target2:0:1: asynchronous
[   62.837928] sd 2:0:0:0: Attached scsi generic sg0 type 0
[   62.849298] sd 2:0:0:0: [sda] 20971520 512-byte logical blocks: (10.7 GB/10.0 GiB)
[   62.864447] sd 2:0:1:0: [sdb] 20480 512-byte logical blocks: (10.5 MB/10.0 MiB)
[   62.887527] sd 2:0:1:0: Attached scsi generic sg1 type 0
[   62.909046] sd 2:0:1:0: [sdb] Write Protect is off
[   62.912444] sd 2:0:1:0: [sdb] Incomplete mode parameter data
[   62.929151] sd 2:0:1:0: [sdb] Assuming drive cache: write through
[   62.934995] sd 2:0:0:0: [sda] Write Protect is off
[   62.950432] sd 2:0:0:0: [sda] Incomplete mode parameter data
[   62.954136] sd 2:0:0:0: [sda] Assuming drive cache: write through
[   62.962912] sd 2:0:1:0: [sdb] Attached SCSI disk
[   62.976185]  sda: sda1
[   62.983824] sd 2:0:0:0: [sda] Attached SCSI disk
[   63.086431] e1000 0000:00:08.0 eth1: (PCI:33MHz:32-bit) 08:00:27:0d:41:c8
[   63.193341] e1000 0000:00:08.0 eth1: Intel(R) PRO/1000 Network Connection
[   63.283947] e1000 0000:00:03.0 enp0s3: renamed from eth0
[   63.407828] e1000 0000:00:08.0 enp0s8: renamed from eth1
[   63.587141] floppy0: no floppy controllers found
Begin: Loading e[   65.061539] md: linear personality registered for level -1
ssential drivers[   65.245583] md: multipath personality registered for level -4
 ... [   65.281647] md: raid0 personality registered for level 0
[   65.310306] md: raid1 personality registered for level 1
[   65.505582] raid6: sse2x1   gen()  8278 MB/s
[   65.803161] raid6: sse2x1   xor()  6214 MB/s
[   65.895117] raid6: sse2x2   gen()  9813 MB/s
[   66.112874] raid6: sse2x2   xor()  7329 MB/s
[   66.355523] raid6: sse2x4   gen()  9639 MB/s
[   66.443477] raid6: sse2x4   xor()  4372 MB/s
[   66.559281] raid6: avx2x1   gen() 15067 MB/s
[   66.703038] raid6: avx2x2   gen() 18145 MB/s
[   66.885844] raid6: avx2x4   gen() 19578 MB/s
[   66.992061] raid6: using algorithm avx2x4 gen() 19578 MB/s
[   67.093561] raid6: using avx2x2 recovery algorithm
[   67.222788] xor: automatically using best checksumming function:
[   67.391313]    avx       : 17390.000 MB/sec
[   67.484089] async_tx: api initialized (async)
[   67.521191] md: raid6 personality registered for level 6
[   67.542884] md: raid5 personality registered for level 5
[   67.561881] md: raid4 personality registered for level 4
[   67.582417] md: raid10 personality registered for level 10
done.
Begin: Running /scripts/init-premount ... done[   67.707938] Btrfs loaded
.
Begin: Mounting root file system ... Begin: Running /scripts/local-top ... done.
Begin: Running /scripts/local-premount ... Scanning for Btrfs filesystems
done.
Warning: fsck no[   67.787449] EXT4-fs (sda1): mounted filesystem with ordered data mode. Opts: (null)
t present, so skipping root file system
done.
Begin: Running /scripts/local-bottom ... done.
Begin: Running /scripts/init-bottom ... done.
[   68.019037] systemd[1]: systemd 229 running in system mode. (+PAM +AUDIT +SELINUX +IMA +APPARMOR +SMACK +SYSVINIT +UTMP +LIBCRYPTSETUP +GCRYPT +GNUTLS +ACL +XZ -LZ4 +SECCOMP +BLKID +ELFUTILS +KMOD -IDN)
[   68.305305] systemd[1]: Detected virtualization oracle.
[   68.415961] systemd[1]: Detected architecture x86-64.

Welcome to [1mUbuntu 16.04.3 LTS[0m!

[   8.5615 systemd[1]Sehona t<unt.
[   69.096904] systemd[1]: Initializing machine ID from random generator.
[   69.244886] systemd[1]: Installed transient /etc/machine-id file.
[   69.414258] random: nonblocking pool is initialized
[   69.641503] systemd[1]: Listening on LVM2 poll daemon socket.
[[0;32m  OK  [0m] Listening on LVM2 poll daemon socket.
[ 697327syem1]: Ceated slie st Sce

[[0;32m  OK  [0m] Created slice System Slice.
[ 70643]ysmd]:Listni oudv rn Ske.
[[0;32m  OK  [0m] Listening on udev Kernel Socket.
[ 716361] std[: stinoneve-mapperevt em FOs

[[0;32m  OK  [0m] Listening on Device-mapper event daemon FIFOs.
[   .038 sstemd[1]: Rehetaetseand ro Ne Loku.
[[0;32m  OK  [0m] Reached target User and Group Name Lookups.
[   72.802]ysmd[1]: Ltengn Journ Ske
[[0;32m  OK  [0m] Listening on Journal Socket.
[   73.551310] systemd[1]: Mounting Huge Pages File System...
         Mounting Huge Pages File System...
[   73.723362] systemd[1]: Mounting Debug File System...
         Mounting Debug File System...
[   73.863570] systemd[1]: Starting Uncomplicated firewall...
         Starting Uncomplicated firewall...
[   74.003688] systemd[1]: Starting Nameserver information manager...
         Starting Nameserver information manager...
[ 74.175843] systemd[1]:Listin o L2 tataaeon socket

[[0;32m  OK  [0m] Listening on LVM2 metadata daemon socket.
[ 74270]ysmd[1]: Srt Fwad Pawod qutso llDiecory Wch

[[0;32m  OK  [0m] Started Forward Password Requests to Wall Directory Watch.
[ 76324] systed[: acd tagetSSwa.
[[0;32m  OK  [0m] Reached target Swap.
[  76.650 ste[1 Lteingon SyloSoet.
[[0;32m  OK  [0m] Listening on Syslog Socket.
[ 77792]ysmd1]: acd rg Eryedolumes.
[[0;32m  OK  [0m] Reached target Encrypted Volumes.
[   78.183745] systemd[1]: Starting Create list of required static device nodes for the current kernel...
         Starting Create list of required st... nodes for the current kernel...
[   .479 stemd]:isni oud Conrol oct.
[[0;32m  OK  [0m] Listening on udev Control Socket.
[   79.311755] systemd[1]: Starting Set console keymap...
         Starting Set console keymap...
[   79.460367] systemd[1]: Listening on Journal Socket (/dev/log).
[[0;32m  OK  [0m] Listening on Journal Socket (/dev/log).
[   79.696 ste[1 Lteing on /deinctCoatilty Nedip
[[0;32m  OK  [0m] Listening on /dev/initctl Compatibility Named Pipe.
[   0.6523] std[: eate sce Ur d ssn ic
[[0;32m  OK  [0m] Created slice User and Session Slice.
[ 81800]ystemd[1]:eaedart ic.
[[0;32m  OK  [0m] Reached target Slices.
[   82.099420] systemd[1]: Starting Load Kernel Modules...
         [   82.240559] Loading iSCSI transport class v2.0-870.
Starting Load Ke[   82.362745] iscsi: registered transport (tcp)
rnel Modules...
[   82.563756] systemd[1]: Starting Monitoring of LVM2 mirrors, snapshots etc. using dmeventd or progress polling...
[   82.894747] iscsi: registered transport (iser)
         Starting Monitoring of LVM2 mirrors... dmeventd or progress polling...
[ 83143751] std[: stenngn ural Aitoct.
[[0;32m  OK  [0m] Listening on Journal Audit Socket.
[   84.003750] systemd[1]: Starting Journal Service...
         Starting Journal Service...
[ 8417318] sysmd]:reted slice system-serial\x2dgetty.slice.
[[0;32m  OK  [0m] Created slice system-serial\x2dgetty.slice.
[   84.703505] systemd[1]: Mounting POSIX Message Queue File System...
         Mounting POSIX Message Queue File System...
[   84.927874] systemd[1]: Starting Remount Root and Kernel File Systems...
         [   85.068556] EXT4-fs (sda1): re-mounted. Opts: (null)
Starting Remount Root and Kernel File Systems...
[   85.236538] syted[1]: Starte Tgg resolvcnfupdate r etor D.
[[0;32m  OK  [0m] Started Trigger resolvconf update for networkd DNS.
[ 853176] systemd[: t  atomount biarExutleFileFomas Fi SteAumontoi.
[[0;32m  OK  [0m] Set up automount Arbitrary Executab...ats File System Automount Point.
[   87.193273] systemd[1]: Mounted POSIX Message Queue File System.
[[0;32m  OK  [0m] Mounted POSIX Message Queue File System.
[   87208]ystemd[: ounted ebg leSyem

[[0;32m  OK  [0m] Mounted Debug File System.
[   8.0326] std[]: Mount He geFi System
[[0;32m  OK  [0m] Mounted Huge Pages File System.
[   88.651336] systemd[1]: Started Journal Service.
[[0;32m  OK  [0m] Started Journal Service.
[[0;32m  OK  [0m] Started Uncomplicated firewall.
[[0;32m  OK  [0m] Started Create list of required sta...ce nodes for the current kernel.
[[0;32m  OK  [0m] Started Set console keymap.
[[0;32m  OK  [0m] Started Load Kernel Modules.
[[0;32m  OK  [0m] Started Remount Root and Kernel File Systems.
[[0;32m  OK  [0m] Started Nameserver information manager.
[[0;32m  OK  [0m] Started LVM2 metadata daemon.
         Starting udev Coldplug all Devices...
         Starting Load/Save Random Seed...
         Starting Initial cloud-init job (pre-networking)...
         Mounting FUSE Control File System...
         Starting Apply Kernel Variables...
         Starting Create Static Device Nodes in /dev...
         Starting Flush Journal to Persistent Storage...
[[0;32m  OK  [0m] Mounted FUSE Control File System.
[[0;32m  OK  [0m] Started Monitoring of LVM2 mirrors,...ng dmeventd or progress polling.
[[0;32m  OK  [0m] Started Load/Save Random Seed.
[[0;32m  OK  [0m] Started Apply Kernel Variables.
[[0;32m  OK  [0m] Started Create Static Device Nodes in /dev.
[[0;32m  OK  [0m] Started udev Coldplug all Devices.
[[0;32m  OK  [0m] Started Flush Journal to Persistent Storage.
         Starting udev Kernel Device Manager...
[[0;32m  OK  [0m] Started udev Kernel Device Manager.
[   49.973739] cloud-init[457]: Cloud-init v. 17.1 running 'init-local' at Mon, 29 Jan 2018 16:13:55 +0000. Up 49.62 seconds.
[[0;32m  OK  [0m] Started Dispatch Password Requests to Console Directory Watch.
[[0;32m  OK  [0m] Reached target Local File Systems (Pre).
[[0;32m  OK  [0m] Reached target Local File Systems.
         Starting Commit a transient machine-id on disk...
         Starting Set console font and keymap...
         Starting Create Volatile Files and Directories...
         Starting LSB: AppArmor initialization...
         Starting Tell Plymouth To Write Out Runtime Data...
[[0;32m  OK  [0m] Started Commit a transient machine-id on disk.
[0;1;31mFAILED[0m] Failed to start Set console font and keymap.
See 'systemctl status console-setup.service' for details.
[[0;32m  OK  [0m] Started Create Volatile Files and Directories.
[[0;32m  OK  [0m] Started Tell Plymouth To Write Out Runtime Data.
[[0;32m  OK  [0m] Started Initial cloud-init job (pre-networking).
[[0;32m  OK  [0m] Found device /dev/ttyS0.
[[0;32m  OK  [0m] Listening on Load/Save RF Kill Switch Status /dev/rfkill Watch.
[[0;32m  OK  [0m] Reached target Network (Pre).
         Starting Update UTMP about System Boot/Shutdown...
[[0;32m  OK  [0m] Reached target System Time Synchronized.
[[0;32m  OK  [0m] Created slice system-getty.slice.
[[0;32m  OK  [0m] Started Update UTMP about System Boot/Shutdown.
[[0;32m  OK  [0m] Started LSB: AppArmor initialization.
[[0;32m  OK  [0m] Started ifup for enp0s3.
         Starting Raise network interfaces...
[[0;32m  OK  [0m] Started Raise network interfaces.
         Starting Initial cloud-init job (metadata service crawler)...
[[0;32m  OK  [0m] Reached target Network.
[   54.395101] cloud-init[952]: Cloud-init v. 17.1 running 'init' at Mon, 29 Jan 2018 16:13:59 +0000. Up 53.60 seconds.
[   54.529417] cloud-init[952]: ci-info: ++++++++++++++++++++++++++++++++++++++Net device info++++++++++++++++++++++++++++++++++++++
[[0;32m  OK  [0m] Started Initial cloud-init job (metadata service crawler).
[[0;32m  OK  [0m] Reached target Cloud-config availability.
[   54.698555] cloud-init[952]: ci-info: +--------+-------+----------------------------+---------------+-------+-------------------+
[   54.960929] cloud-init[952]: ci-info: | Device |   Up  |          Address           |      Mask     | Scope |     Hw-Address    |
[   54.961787] cloud-init[952]: ci-info: +--------+-------+----------------------------+---------------+-------+-------------------+
[[0;32m  OK  [0m] Reached target Network is Online.
[   54.962378] cloud-init[952]: ci-info: | enp0s3 |  True |         10.0.2.15          | 255.255.255.0 |   .   | 02:db:14:78:b4:e6 |
[   55.273414] cloud-init[952]: ci-info: | enp0s3 |  True | fe80::db:14ff:fe78:b4e6/64 |       .       |  link | 02:db:14:78:b4:e6 |
[   55.274317] cloud-init[952]: ci-info: | enp0s8 | False |             .              |       .       |   .   | 08:00:27:0d:41:c8 |
         Starting iSCSI initiator daemon (iscsid)...
[   55.274762] cloud-init[952]: ci-info: |   lo   |  True |         127.0.0.1          |   255.0.0.0   |   .   |         .         |
[   55.575992] [cloud-init[0;32m  OK  [0m[952]: ] ci-info: |   lo   |  True |          ::1/128           |       .       |  host |         .         |Reached target System Initialization.

[   55.576392] cloud-init[952]: ci-info: +--------+-------+----------------------------+---------------+-------+-------------------+
[   55.916600] cloud-init[952]: ci-info: +++++++++++++++++++++++++++Route IPv4 info++++++++++++++++++++++++++++
[   55.917361] cloud-init[952]: ci-info: +-------+-------------+----------+---------------+-----------+-------+
[[0;32m  OK  [0m] Started ACPI Events Check.
[[0;32m  OK  [0m] Reached target Paths.
[   55.917862] cloud-init[952]: ci-info: | Route | Destination | Gateway  |    Genmask    | Interface | Flags |
[   56.208592] cloud-init[952]: ci-info: +-------+-------------+----------+---------------+-----------+-------+
[   56.209418] cloud-init[952]: ci-info: |   0   |   0.0.0.0   | 10.0.2.2 |    0.0.0.0    |   enp0s3  |   UG  |
[[0;32m  OK  [0m] Started Timer to automatically refresh installed snaps.
[[   56.210051] cloud-init[952]: ci-info: |   1   |   10.0.2.0  | 0.0.0.0  | 255.255.255.0 |   enp0s3  |   U   |
[   56.446018] cloud-init[952]: ci-info: +-------+-------------+----------+---------------+-----------+-------+
[0;32m  OK  [0m] Listening on D-Bus System Message Bus Socket.
[[   56.446388] cloud-init[952]: Generating public/private rsa key pair.
[   56.726599] cloud-init[0;32m  OK  [0m[952]: ] Your identification has been saved in /etc/ssh/ssh_host_rsa_key.Started Daily apt download activities.

[   56.727073] cloud-init[952]: Your public key has been saved in /etc/ssh/ssh_host_rsa_key.pub.
[   56.913582] cloud-init[952]: The key fingerprint is:
[[0;32m  OK  [0m] Started Daily apt upgrade and clean activities.
         Starting LXD - unix socket.
[[0;32m  OK  [0m] Started Daily Cleanup of Temporary Directories.
[[0;32m  OK  [0m] Reached target Timers.
         Starting Socket activation for snappy daemon.
[[0;32m  OK  [0m] Listening on ACPID Listen Socket.
[   56.914051] cloud-init[952]: SHA256:aw2memvKXt0cKYTCcdA0UwkLNivu5xd8cgwfbNT84nY root@ubuntu-xenial
[   57.268630] cloud-init[952]: The key's randomart image is:
[   57.269244] cloud-init[952]: +---[RSA 2048]----+
[[0;32m  OK  [0m] Listening on UUID daemon activation socket.
[   57.269728] cloud-init[952]: |    *+*o.+       |
[[0;32m  OK  [0m] Listening on LXD - unix socket.
[[0;32m  OK  [0m] Listening on Socket activation for snappy daemon.
[   57.479874] cloud-init[952]: |   o *.=o o      |
[   57.592724] cloud-init[952]: |  . + oo.  .     |
[   57.645576] cloud-init[952]: | . . ...+ ...    |
[   57.646222] cloud-init[952]: |  .  . =Soo.     |
[   57.646344] cloud-init[952]: | .    ++=Bo.E    |
[   57.646442] cloud-init[952]: |  . . o=+.+.     |
[   57.646634] cloud-init[952]: |   + o+.         |
[   57.646749] cloud-init[952]: |   .*=..         |
[   57.646847] cloud-init[952]: +----[SHA256]-----+
[   57.646952] cloud-init[952]: Generating public/private dsa key pair.
[   57.647039] cloud-init[952]: Your identification has been saved in /etc/ssh/ssh_host_dsa_key.
[   57.647123] cloud-init[952]: Your public key has been saved in /etc/ssh/ssh_host_dsa_key.pub.
[   57.647209] cloud-init[952]: The key fingerprint is:
[   57.647294] cloud-init[952]: SHA256:aZJoyt5TAY39kvThuuhV2t68y+kKbP8G7/rTpFvbQ/8 root@ubuntu-xenial
[   57.647378] cloud-init[952]: The key's randomart image is:
[   57.647464] cloud-init[952]: +---[DSA 1024]----+
[   57.647548] cloud-init[952]: |     +           |
[   57.647638] cloud-init[952]: |    o + .        |
[   57.647721] cloud-init[952]: |     o = .       |
[   57.647804] cloud-init[952]: |     .+.+.       |
[   57.647887] cloud-init[952]: |    o o+S        |
[   57.647970] cloud-init[952]: | . o .o*.   . .  |
[[0;32m  OK  [0m] Started iSCSI initiator daemon (iscsid).
[   57.648209] cloud-init[952]: |  o  o*..o +.. . |
[   58.609474]          cloud-initStarting Login to default iSCSI targets...[952]: 
| . .oo.+ +=o.o. .|
[   58.745337] [cloud-init[0;32m  OK  [0m[952]: ] |  ..o.  =O&=. ..E|Reached target Sockets.

[   58.746480] [cloud-init[0;32m  OK  [0m[952]: ] +----[SHA256]-----+Reached target Basic System.

[   58.821869] cloud-init[952]: Generating public/private ecdsa key pair.
[   58.948626]          cloud-initStarting Login Service...[952]: 
Your identification has been saved in /etc/ssh/ssh_host_ecdsa_key.
[   59.053088]          cloud-initStarting System Logging Service...[952]: 
Your public key has been saved in /etc/ssh/ssh_host_ecdsa_key.pub.
[   59.054120] cloud-init[952]: The key fingerprint is:
         Starting Snappy daemon...
[   59.196658] cloud-init[952]: SHA256:VrrRsf0Zt8kqDIGkN1WIyT6P6aOfVlqgJ33Y7B5qe7w root@ubuntu-xenial
[   59.320908]          cloud-initStarting LXD - container startup/shutdown...[952]: 
The key's randomart image is:
[   59.404814] [cloud-init[0;32m  OK  [0m[952]: ] +---[ECDSA 256]---+Started Unattended Upgrades Shutdown.

[   59.406123] cloud-init[952]: |      . o o.     |
[   59.505517] [cloud-init[0;32m  OK  [0m[952]: ] |       = o       |Started Regular background program processing daemon.

[   59.599061]          cloud-initStarting Pollinate to seed the pseudo random number generator...[952]: 
|      + o o      |
[   59.600171] cloud-init[952]: |     . B = +     |
[   59.724788]          cloud-initStarting /etc/rc.local Compatibility...[952]: 
|      + S + . . .|
[   59.813224] [cloud-init[0;32m  OK  [0m[952]: ] |     o B @   ..+o|Started D-Bus System Message Bus.

[[0;32m  OK  [0m] Started Deferred execution scheduler.
[   59.882641] cloud-init[952]: |      + O.o   o+ |
[   59.948625] cloud-init[952]: |       *o+.o  .  |
[   59.949307] cloud-init[952]: |     .===E. ..   |
[   59.949580] cloud-init[952]: +----[SHA256]-----+
[   59.949882] cloud-init[952]: Generating public/private ed25519 key pair.
[   59.950049] cloud-init[952]: Your identification has been saved in /etc/ssh/ssh_host_ed25519_key.
[   59.950329] cloud-init[952]: Your public key has been saved in /etc/ssh/ssh_host_ed25519_key.pub.
[   59.950598] cloud-init[952]: The key fingerprint is:
[   59.950939] cloud-init[952]: SHA256:LN5T7vXDMBXnUyI2sX8clTjS8rxSVp4EbdHq5kFIoIU root@ubuntu-xenial
[   59.951198] cloud-init[952]: The key's randomart image is:
[   59.951502] cloud-init[952]: +--[ED25519 256]--+
[   59.951818] cloud-init[952]: |         .o.oo+.=|
         Starting LSB: Record successful boot for GRUB...
[   59.952207] cloud-init[952]: |        Eo o==o*=|
[[0;32m  OK  [0m] Started ACPI event daemon.
[   60.396368] cloud-init[952]: |        .  o*+*Bo|
[[0;32m  OK  [0m] Started FUSE filesystem for LXC.
[   60.466423] cloud-init[952]: |       .    .*+=o|
[   60.548676]          cloud-initStarting Apply the settings specified in cloud-config...[952]: 
|      . S . o+o +|
[   60.549668] cloud-init[952]: |     . o o .o.+. |
[   60.696462] cloud-init         [952]: Starting LSB: MD monitoring daemon...|      . o . o* . |

[   60.698097] cloud-init[952]: |         o . .+  |
[   60.757114] cloud-init[952]: |          .   .. |
         Starting Accounts Service...
[[0;32m  OK  [0m[   60.792733] cloud-init[952]: +----[SHA256]-----+
] Started System Logging Service.
[[0;32m  OK  [0m] Started Snappy daemon.
[[0;32m  OK  [0m] Started LXD - container startup/shutdown.
[[0;32m  OK  [0m] Started Pollinate to seed the pseudo random number generator.
[[0;32m  OK  [0m] Started /etc/rc.local Compatibility.
[[0;32m  OK  [0m] Started Login to default iSCSI targets.
[[0;32m  OK  [0m] Started LSB: Record successful boot for GRUB.
[[0;32m  OK  [0m] Started LSB: MD monitoring daemon.
         Starting Authenticate and Authorize Users to Run Privileged Tasks...
[[0;32m  OK  [0m] Reached target Remote File Systems (Pre).
[[0;32m  OK  [0m] Reached target Remote File Systems.
         Starting LSB: VirtualBox Linux Additions...
         Starting LSB: automatic crash report generation...
         Starting LSB: Set the CPU Frequency Scaling governor to "ondemand"...
[   61.636563] cloud-init[1152]: Generating locales (this might take a while)...
         Starting LSB: daemon to balance interrupts for SMP systems...
         Starting Permit User Sessions...
         Starting OpenBSD Secure Shell server...
[[0;32m  OK  [0m] Started OpenBSD Secure Shell server.
[[0;32m  OK  [0m] Started Permit User Sessions.
[[0;32m  OK  [0m] Started Login Service.
[[0;32m  OK  [0m] Started Authenticate and Authorize Users to Run Privileged Tasks.
[[0;32m  OK  [0m] Started Accounts Service.
[[0;32m  OK  [0m] Started LSB: Set the CPU Frequency Scaling governor to "ondemand".
[[0;32m  OK  [0m] Started LSB: VirtualBox Linux Additions.
[[0;32m  OK  [0m] Started LSB: automatic crash report generation.
[[0;32m  OK  [0m] Created slice User Slice of vagrant.
         Starting User Manager for UID 1000...
[[0;32m  OK  [0m] Started Session 1 of user vagrant.
         Starting Terminate Plymouth Boot Screen...
         Starting Hold until boot process finishes up...
[[0;32m  OK  [0m] Started User Manager for UID 1000.
[[0;32m  OK  [0m] Started LSB: daemon to balance interrupts for SMP systems.
[   62.774727] cloud-init[1152]:   en_US.UTF-8... done
[   62.876521] cloud-init[1152]: Generation complete.
[[0;32m  OK  [0m] Started Terminate Plymouth Boot Screen.
[[0;32m  OK  [0m] Started Hold until boot process finishes up.
         Starting Set console scheme...
[[0;32m  OK  [0m] Started Getty on tty1.
[   63.136195] cloud-init[1152]: Cloud-init v. 17.1 running 'modules:config' at Mon, 29 Jan 2018 16:14:07 +0000. Up 61.24 seconds.
[[0;32m  OK  [0m] Started Serial Getty on ttyS0.
[[0;32m  OK  [0m] Reached target Login Prompts.
[[0;32m  OK  [0m] Reached target Multi-User System.
[[0;32m  OK  [0m] Reached target Graphical Interface.
         Starting Update UTMP about System Runlevel Changes...
[[0;32m  OK  [0m] Started Apply the settings specified in cloud-config.
[[0;32m  OK  [0m] Started Set console scheme.
[[0;32m  OK  [0m] Started Update UTMP about System Runlevel Changes.
         Starting Execute cloud user/final scripts...
ci-info: no authorized ssh keys fingerprints found for user ubuntu.
<14>Jan 29 16:14:10 ec2: 
<14>Jan 29 16:14:10 ec2: #############################################################
<14>Jan 29 16:14:10 ec2: -----BEGIN SSH HOST KEY FINGERPRINTS-----
<14>Jan 29 16:14:10 ec2: 1024 SHA256:aZJoyt5TAY39kvThuuhV2t68y+kKbP8G7/rTpFvbQ/8 root@ubuntu-xenial (DSA)
<14>Jan 29 16:14:10 ec2: 256 SHA256:VrrRsf0Zt8kqDIGkN1WIyT6P6aOfVlqgJ33Y7B5qe7w root@ubuntu-xenial (ECDSA)
<14>Jan 29 16:14:10 ec2: 256 SHA256:LN5T7vXDMBXnUyI2sX8clTjS8rxSVp4EbdHq5kFIoIU root@ubuntu-xenial (ED25519)
<14>Jan 29 16:14:10 ec2: 2048 SHA256:aw2memvKXt0cKYTCcdA0UwkLNivu5xd8cgwfbNT84nY root@ubuntu-xenial (RSA)
<14>Jan 29 16:14:10 ec2: -----END SSH HOST KEY FINGERPRINTS-----
<14>Jan 29 16:14:10 ec2: #############################################################
-----BEGIN SSH HOST KEY KEYS-----
ecdsa-sha2-nistp256 AAAAE2VjZHNhLXNoYTItbmlzdHAyNTYAAAAIbmlzdHAyNTYAAABBBLAAnGysJGt9JUdxSzLpR0Yx+baIzHGpZKvq2H1xOnwUpvVbDDTANILLNw0GWFf71dIrw8uKmWLW/HsZG0FrCws= root@ubuntu-xenial
ssh-ed25519 AAAAC3NzaC1lZDI1NTE5AAAAIDJg8i5gJgvmbvLzzWk0x17al77Yy548kPIMQVm+2ese root@ubuntu-xenial
ssh-rsa AAAAB3NzaC1yc2EAAAADAQABAAABAQC8wnmszwzcDOQY0ELvlXv7vjXr6YpemZ1TGGbsM9hF1COFHTqYgP+NQ6Few+hr0r6N99QUwPrQ/mS9PslmQe9Jf/caEHstDrFslvhIm5gzALTyayIF6k0A6bYM0MuwUt7hSFEK+XJyNYGmfePy6ugVBZiwnxMc4RJ+jA6o9Hl8ePehsrW/IFfKtZarG8vlcBlPKkzGl704UMFZrCGOAAE+JUCNYW0inme1759cnKjdnI/zkNyqwfa8iUGNUwucdYqC6Nu0r9h2ZgpLDYv6T9vDtOuEf9XMh1UUY7/EPwp7IQhxkM+DYTPME4vlXdN/oQpbcDxJDdXTZAcEJQP4dfDR root@ubuntu-xenial
-----END SSH HOST KEY KEYS-----
         Stopping User Manager for UID 1000...
[[0;32m  OK  [0m] Stopped User Manager for UID 1000.
[[0;32m  OK  [0m] Removed slice User Slice of vagrant.
[   65.450668] cloud-init[1317]: Cloud-init v. 17.1 running 'modules:final' at Mon, 29 Jan 2018 16:14:10 +0000. Up 64.19 seconds.
[   65.536871] [cloud-init[0;32m  OK  [0m[1317]: ] ci-info: no authorized ssh keys fingerprints found for user ubuntu.Started Execute cloud user/final scripts.

[   65.538477] cloud-init[1317]: Cloud-init v. 17.1 finished at Mon, 29 Jan 2018 16:14:11 +0000. Datasource DataSourceNoCloud [seed=/dev/sdb][dsmode=net].  Up 65.43 seconds
[[0;32m  OK  [0m] Reached target Cloud-init target.

Ubuntu 16.04.3 LTS ubuntu-xenial ttyS0

ubuntu-xenial login: 